<?xml version="1.0" encoding="UTF-8"?>
<!-- Generated by org.testng.reporters.JUnitReportReporter -->
<testsuite hostname="karnans-MacBook-Air.local" failures="0" tests="1" name="testcases.Smoke" time="25.095" errors="0" timestamp="2024-12-30T12:16:21 IST" skipped="0">
  <testcase classname="testcases.Smoke" name="Login" time="25.095"/>
  <system-out/>
</testsuite> <!-- testcases.Smoke -->
