<?xml version="1.0" encoding="UTF-8"?>
<!-- Generated by org.testng.reporters.JUnitReportReporter -->
<testsuite hostname="karnans-MacBook-Air.local" failures="0" tests="3" name="testcases.TC_002_LoginPage" time="48.000" errors="0" timestamp="2024-12-28T10:23:23 IST" skipped="0">
  <testcase classname="testcases.TC_002_LoginPage" name="Login" time="22.954"/>
  <system-out/>
  <testcase classname="testcases.TC_002_LoginPage" name="ProdusctOrdered" time="23.341"/>
  <system-out/>
  <testcase classname="testcases.TC_002_LoginPage" name="Logout" time="1.705"/>
  <system-out/>
</testsuite> <!-- testcases.TC_002_LoginPage -->
