<?xml version="1.0" encoding="UTF-8"?>
<!-- Generated by org.testng.reporters.JUnitReportReporter -->
<testsuite hostname="karnans-MacBook-Air.local" failures="0" tests="5" name="testcases.contactSmoke" time="57.298" errors="0" timestamp="2024-12-30T17:00:25 IST" skipped="0">
  <testcase classname="testcases.contactSmoke" name="contactSignUp" time="13.535"/>
  <system-out/>
  <testcase classname="testcases.contactSmoke" name="contactAdd" time="28.324"/>
  <system-out/>
  <testcase classname="testcases.contactSmoke" name="contactEdit" time="6.708"/>
  <system-out/>
  <testcase classname="testcases.contactSmoke" name="contactDelete" time="4.008"/>
  <system-out/>
  <testcase classname="testcases.contactSmoke" name="contactLogout" time="4.723"/>
  <system-out/>
</testsuite> <!-- testcases.contactSmoke -->
